Build started 11/14/2014 11:53:15 AM.
     1>Project "\\cs1\CS_Students\jnuez16\CS171-CS1\Final_Project\code\CheckersV2\CheckersV2.vcxproj" on node 2 (Build target(s)).
     1>ClCompile:
         C:\Program Files (x86)\Microsoft Visual Studio 12.0\VC\bin\CL.exe /c /ZI /nologo /W3 /WX- /Od /Oy- /D WIN32 /D _DEBUG /D _WINDOWS /D _UNICODE /D UNICODE /Gm /EHsc /RTC1 /MDd /GS /fp:precise /Zc:wchar_t /Zc:forScope /Yc"stdafx.h" /Fp"Debug\CheckersV2.pch" /Fo"Debug\\" /Fd"Debug\vc120.pdb" /Gd /TP /analyze- /errorReport:prompt stdafx.cpp
         stdafx.cpp
         C:\Program Files (x86)\Microsoft Visual Studio 12.0\VC\bin\CL.exe /c /ZI /nologo /W3 /WX- /Od /Oy- /D WIN32 /D _DEBUG /D _WINDOWS /D _UNICODE /D UNICODE /Gm /EHsc /RTC1 /MDd /GS /fp:precise /Zc:wchar_t /Zc:forScope /Yu"stdafx.h" /Fp"Debug\CheckersV2.pch" /Fo"Debug\\" /Fd"Debug\vc120.pdb" /Gd /TP /analyze- /errorReport:prompt CheckersMgr.cpp CheckersV2.cpp
         CheckersV2.cpp
         CheckersMgr.cpp
         Generating Code...
       ResourceCompile:
         C:\Program Files (x86)\Windows Kits\8.1\bin\x86\rc.exe /D _UNICODE /D UNICODE /l"0x0409" /nologo /fo"Debug\CheckersV2.res" CheckersV2.rc 
       Link:
         C:\Program Files (x86)\Microsoft Visual Studio 12.0\VC\bin\link.exe /ERRORREPORT:PROMPT /OUT:"\\cs1\CS_Students\jnuez16\CS171-CS1\Final_Project\code\CheckersV2\Debug\CheckersV2.exe" /INCREMENTAL /NOLOGO kernel32.lib user32.lib gdi32.lib winspool.lib comdlg32.lib advapi32.lib shell32.lib ole32.lib oleaut32.lib uuid.lib odbc32.lib odbccp32.lib /MANIFEST /MANIFESTUAC:"level='asInvoker' uiAccess='false'" /manifest:embed /DEBUG /PDB:"\\cs1\CS_Students\jnuez16\CS171-CS1\Final_Project\code\CheckersV2\Debug\CheckersV2.pdb" /SUBSYSTEM:WINDOWS /TLBID:1 /DYNAMICBASE /NXCOMPAT /IMPLIB:"\\cs1\CS_Students\jnuez16\CS171-CS1\Final_Project\code\CheckersV2\Debug\CheckersV2.lib" /MACHINE:X86 Debug\CheckersV2.res
         Debug\CheckersMgr.obj
         Debug\CheckersV2.obj
         Debug\stdafx.obj
         CheckersV2.vcxproj -> \\cs1\CS_Students\jnuez16\CS171-CS1\Final_Project\code\CheckersV2\Debug\CheckersV2.exe
     1>Done Building Project "\\cs1\CS_Students\jnuez16\CS171-CS1\Final_Project\code\CheckersV2\CheckersV2.vcxproj" (Build target(s)).

Build succeeded.

Time Elapsed 00:00:06.87
